<?xml version="1.0" encoding="UTF-8"?>
<!-- Generated by org.testng.reporters.JUnitXMLReporter -->
<testsuite ignored="0" hostname="Partha_PC" failures="0" tests="4" name="PetTests" time="9.069" errors="0" timestamp="2025-01-04T13:35:19 IST">
  <testcase classname="api.test.UserTests" name="testPostUser" time="2.781"/>
  <testcase classname="api.test.UserTests" name="testGetUserByName" time="1.447"/>
  <testcase classname="api.test.UserTests" name="testUpdateUserByName" time="2.972"/>
  <testcase classname="api.test.UserTests" name="testDeleteUserByName" time="1.534"/>
</testsuite> <!-- PetTests -->
